# JRE version: Java(TM) SE Runtime Environment (8.0_161-b12) (build 1.8.0_161-b12)
# Java VM: Java HotSpot(TM) 64-Bit Server VM (25.161-b12 mixed mode windows-amd64 compressed oops)
Heap:
 PSYoungGen      total 137216K, used 60918K [0x00000000d5c00000, 0x00000000df700000, 0x0000000100000000)
  eden space 124928K, 46% used [0x00000000d5c00000,0x00000000d9426d30,0x00000000dd600000)
  from space 12288K, 27% used [0x00000000dd600000,0x00000000dd956ba0,0x00000000de200000)
  to   space 12288K, 0% used [0x00000000deb00000,0x00000000deb00000,0x00000000df700000)
 ParOldGen       total 71168K, used 15178K [0x0000000081400000, 0x0000000085980000, 0x00000000d5c00000)
  object space 71168K, 21% used [0x0000000081400000,0x00000000822d2a50,0x0000000085980000)
 Metaspace       used 24923K, capacity 25596K, committed 25728K, reserved 1071104K
  class space    used 2930K, capacity 3172K, committed 3200K, reserved 1048576K
GC Heap History (10 events):
Event: 4.760 GC heap before
{Heap before GC invocations=4 (full 0):
 PSYoungGen      total 38400K, used 38393K [0x00000000d5c00000, 0x00000000da700000, 0x0000000100000000)
  eden space 33280K, 100% used [0x00000000d5c00000,0x00000000d7c80000,0x00000000d7c80000)
  from space 5120K, 99% used [0x00000000d7c80000,0x00000000d817e660,0x00000000d8180000)
  to   space 5120K, 0% used [0x00000000da200000,0x00000000da200000,0x00000000da700000)
 ParOldGen       total 87552K, used 5260K [0x0000000081400000, 0x0000000086980000, 0x00000000d5c00000)
  object space 87552K, 6% used [0x0000000081400000,0x0000000081923290,0x0000000086980000)
 Metaspace       used 15768K, capacity 16140K, committed 16384K, reserved 1062912K
  class space    used 1915K, capacity 2016K, committed 2048K, reserved 1048576K
Event: 4.774 GC heap after
Heap after GC invocations=4 (full 0):
 PSYoungGen      total 71680K, used 5113K [0x00000000d5c00000, 0x00000000da700000, 0x0000000100000000)
  eden space 66560K, 0% used [0x00000000d5c00000,0x00000000d5c00000,0x00000000d9d00000)
  from space 5120K, 99% used [0x00000000da200000,0x00000000da6fe620,0x00000000da700000)
  to   space 5120K, 0% used [0x00000000d9d00000,0x00000000d9d00000,0x00000000da200000)
 ParOldGen       total 87552K, used 7775K [0x0000000081400000, 0x0000000086980000, 0x00000000d5c00000)
  object space 87552K, 8% used [0x0000000081400000,0x0000000081b97ef8,0x0000000086980000)
 Metaspace       used 15768K, capacity 16140K, committed 16384K, reserved 1062912K
  class space    used 1915K, capacity 2016K, committed 2048K, reserved 1048576K
}
Event: 11.091 GC heap before
{Heap before GC invocations=5 (full 0):
 PSYoungGen      total 71680K, used 68308K [0x00000000d5c00000, 0x00000000da700000, 0x0000000100000000)
  eden space 66560K, 94% used [0x00000000d5c00000,0x00000000d99b6a50,0x00000000d9d00000)
  from space 5120K, 99% used [0x00000000da200000,0x00000000da6fe620,0x00000000da700000)
  to   space 5120K, 0% used [0x00000000d9d00000,0x00000000d9d00000,0x00000000da200000)
 ParOldGen       total 87552K, used 7775K [0x0000000081400000, 0x0000000086980000, 0x00000000d5c00000)
  object space 87552K, 8% used [0x0000000081400000,0x0000000081b97ef8,0x0000000086980000)
 Metaspace       used 20599K, capacity 21136K, committed 21296K, reserved 1069056K
  class space    used 2467K, capacity 2631K, committed 2688K, reserved 1048576K
Event: 11.115 GC heap after
Heap after GC invocations=5 (full 0):
 PSYoungGen      total 71680K, used 5113K [0x00000000d5c00000, 0x00000000df500000, 0x0000000100000000)
  eden space 66560K, 0% used [0x00000000d5c00000,0x00000000d5c00000,0x00000000d9d00000)
  from space 5120K, 99% used [0x00000000d9d00000,0x00000000da1fe620,0x00000000da200000)
  to   space 11776K, 0% used [0x00000000de980000,0x00000000de980000,0x00000000df500000)
 ParOldGen       total 87552K, used 13647K [0x0000000081400000, 0x0000000086980000, 0x00000000d5c00000)
  object space 87552K, 15% used [0x0000000081400000,0x0000000082153ec0,0x0000000086980000)
 Metaspace       used 20599K, capacity 21136K, committed 21296K, reserved 1069056K
  class space    used 2467K, capacity 2631K, committed 2688K, reserved 1048576K
}
Event: 11.115 GC heap before
{Heap before GC invocations=6 (full 1):
 PSYoungGen      total 71680K, used 5113K [0x00000000d5c00000, 0x00000000df500000, 0x0000000100000000)
  eden space 66560K, 0% used [0x00000000d5c00000,0x00000000d5c00000,0x00000000d9d00000)
  from space 5120K, 99% used [0x00000000d9d00000,0x00000000da1fe620,0x00000000da200000)
  to   space 11776K, 0% used [0x00000000de980000,0x00000000de980000,0x00000000df500000)
 ParOldGen       total 87552K, used 13647K [0x0000000081400000, 0x0000000086980000, 0x00000000d5c00000)
  object space 87552K, 15% used [0x0000000081400000,0x0000000082153ec0,0x0000000086980000)
 Metaspace       used 20599K, capacity 21136K, committed 21296K, reserved 1069056K
  class space    used 2467K, capacity 2631K, committed 2688K, reserved 1048576K
Event: 11.221 GC heap after
Heap after GC invocations=6 (full 1):
 PSYoungGen      total 71680K, used 0K [0x00000000d5c00000, 0x00000000df500000, 0x0000000100000000)
  eden space 66560K, 0% used [0x00000000d5c00000,0x00000000d5c00000,0x00000000d9d00000)
  from space 5120K, 0% used [0x00000000d9d00000,0x00000000d9d00000,0x00000000da200000)
  to   space 11776K, 0% used [0x00000000de980000,0x00000000de980000,0x00000000df500000)
 ParOldGen       total 71168K, used 15162K [0x0000000081400000, 0x0000000085980000, 0x00000000d5c00000)
  object space 71168K, 21% used [0x0000000081400000,0x00000000822cea50,0x0000000085980000)
 Metaspace       used 20599K, capacity 21136K, committed 21296K, reserved 1069056K
  class space    used 2467K, capacity 2631K, committed 2688K, reserved 1048576K
}
Event: 18.647 GC heap before
{Heap before GC invocations=7 (full 1):
 PSYoungGen      total 71680K, used 66073K [0x00000000d5c00000, 0x00000000df500000, 0x0000000100000000)
  eden space 66560K, 99% used [0x00000000d5c00000,0x00000000d9c86580,0x00000000d9d00000)
  from space 5120K, 0% used [0x00000000d9d00000,0x00000000d9d00000,0x00000000da200000)
  to   space 11776K, 0% used [0x00000000de980000,0x00000000de980000,0x00000000df500000)
 ParOldGen       total 71168K, used 15162K [0x0000000081400000, 0x0000000085980000, 0x00000000d5c00000)
  object space 71168K, 21% used [0x0000000081400000,0x00000000822cea50,0x0000000085980000)
 Metaspace       used 24242K, capacity 24874K, committed 25216K, reserved 1071104K
  class space    used 2868K, capacity 3098K, committed 3200K, reserved 1048576K
Event: 18.654 GC heap after
Heap after GC invocations=7 (full 1):
 PSYoungGen      total 101376K, used 4111K [0x00000000d5c00000, 0x00000000dee00000, 0x0000000100000000)
  eden space 96768K, 0% used [0x00000000d5c00000,0x00000000d5c00000,0x00000000dba80000)
  from space 4608K, 89% used [0x00000000de980000,0x00000000ded83e98,0x00000000dee00000)
  to   space 12288K, 0% used [0x00000000dd600000,0x00000000dd600000,0x00000000de200000)
 ParOldGen       total 71168K, used 15170K [0x0000000081400000, 0x0000000085980000, 0x00000000d5c00000)
  object space 71168K, 21% used [0x0000000081400000,0x00000000822d0a50,0x0000000085980000)
 Metaspace       used 24242K, capacity 24874K, committed 25216K, reserved 1071104K
  class space    used 2868K, capacity 3098K, committed 3200K, reserved 1048576K
}
Event: 31.073 GC heap before
{Heap before GC invocations=8 (full 1):
 PSYoungGen      total 101376K, used 100879K [0x00000000d5c00000, 0x00000000dee00000, 0x0000000100000000)
  eden space 96768K, 100% used [0x00000000d5c00000,0x00000000dba80000,0x00000000dba80000)
  from space 4608K, 89% used [0x00000000de980000,0x00000000ded83e98,0x00000000dee00000)
  to   space 12288K, 0% used [0x00000000dd600000,0x00000000dd600000,0x00000000de200000)
 ParOldGen       total 71168K, used 15170K [0x0000000081400000, 0x0000000085980000, 0x00000000d5c00000)
  object space 71168K, 21% used [0x0000000081400000,0x00000000822d0a50,0x0000000085980000)
 Metaspace       used 24423K, capacity 25130K, committed 25472K, reserved 1071104K
  class space    used 2869K, capacity 3098K, committed 3200K, reserved 1048576K
Event: 31.077 GC heap after
Heap after GC invocations=8 (full 1):
 PSYoungGen      total 137216K, used 3418K [0x00000000d5c00000, 0x00000000df700000, 0x0000000100000000)
  eden space 124928K, 0% used [0x00000000d5c00000,0x00000000d5c00000,0x00000000dd600000)
  from space 12288K, 27% used [0x00000000dd600000,0x00000000dd956ba0,0x00000000de200000)
  to   space 12288K, 0% used [0x00000000deb00000,0x00000000deb00000,0x00000000df700000)
 ParOldGen       total 71168K, used 15178K [0x0000000081400000, 0x0000000085980000, 0x00000000d5c00000)
  object space 71168K, 21% used [0x0000000081400000,0x00000000822d2a50,0x0000000085980000)
 Metaspace       used 24423K, capacity 25130K, committed 25472K, reserved 1071104K
  class space    used 2869K, capacity 3098K, committed 3200K, reserved 1048576K
}

