# JRE version: Java(TM) SE Runtime Environment (8.0_161-b12) (build 1.8.0_161-b12)
# Java VM: Java HotSpot(TM) 64-Bit Server VM (25.161-b12 mixed mode windows-amd64 compressed oops)
Heap:
 PSYoungGen      total 144896K, used 6325K [0x00000000d5c00000, 0x00000000df500000, 0x0000000100000000)
  eden space 133120K, 0% used [0x00000000d5c00000,0x00000000d5c00000,0x00000000dde00000)
  from space 11776K, 53% used [0x00000000de980000,0x00000000defad6a8,0x00000000df500000)
  to   space 11776K, 0% used [0x00000000dde00000,0x00000000dde00000,0x00000000de980000)
 ParOldGen       total 87552K, used 13828K [0x0000000081400000, 0x0000000086980000, 0x00000000d5c00000)
  object space 87552K, 15% used [0x0000000081400000,0x0000000082181000,0x0000000086980000)
 Metaspace       used 20651K, capacity 21198K, committed 21296K, reserved 1069056K
  class space    used 2479K, capacity 2679K, committed 2688K, reserved 1048576K
GC Heap History (10 events):
Event: 2.254 GC heap after
Heap after GC invocations=2 (full 0):
 PSYoungGen      total 38400K, used 5098K [0x00000000d5c00000, 0x00000000d8680000, 0x0000000100000000)
  eden space 33280K, 0% used [0x00000000d5c00000,0x00000000d5c00000,0x00000000d7c80000)
  from space 5120K, 99% used [0x00000000d8180000,0x00000000d867ab18,0x00000000d8680000)
  to   space 5120K, 0% used [0x00000000d7c80000,0x00000000d7c80000,0x00000000d8180000)
 ParOldGen       total 87552K, used 2574K [0x0000000081400000, 0x0000000086980000, 0x00000000d5c00000)
  object space 87552K, 2% used [0x0000000081400000,0x0000000081683970,0x0000000086980000)
 Metaspace       used 11840K, capacity 12122K, committed 12416K, reserved 1060864K
  class space    used 1508K, capacity 1609K, committed 1664K, reserved 1048576K
}
Event: 3.354 GC heap before
{Heap before GC invocations=3 (full 0):
 PSYoungGen      total 38400K, used 38378K [0x00000000d5c00000, 0x00000000d8680000, 0x0000000100000000)
  eden space 33280K, 100% used [0x00000000d5c00000,0x00000000d7c80000,0x00000000d7c80000)
  from space 5120K, 99% used [0x00000000d8180000,0x00000000d867ab18,0x00000000d8680000)
  to   space 5120K, 0% used [0x00000000d7c80000,0x00000000d7c80000,0x00000000d8180000)
 ParOldGen       total 87552K, used 2574K [0x0000000081400000, 0x0000000086980000, 0x00000000d5c00000)
  object space 87552K, 2% used [0x0000000081400000,0x0000000081683970,0x0000000086980000)
 Metaspace       used 14811K, capacity 15150K, committed 15360K, reserved 1062912K
  class space    used 1820K, capacity 1943K, committed 2048K, reserved 1048576K
Event: 3.376 GC heap after
Heap after GC invocations=3 (full 0):
 PSYoungGen      total 38400K, used 5097K [0x00000000d5c00000, 0x00000000da700000, 0x0000000100000000)
  eden space 33280K, 0% used [0x00000000d5c00000,0x00000000d5c00000,0x00000000d7c80000)
  from space 5120K, 99% used [0x00000000d7c80000,0x00000000d817a630,0x00000000d8180000)
  to   space 5120K, 0% used [0x00000000da200000,0x00000000da200000,0x00000000da700000)
 ParOldGen       total 87552K, used 5472K [0x0000000081400000, 0x0000000086980000, 0x00000000d5c00000)
  object space 87552K, 6% used [0x0000000081400000,0x00000000819581e0,0x0000000086980000)
 Metaspace       used 14811K, capacity 15150K, committed 15360K, reserved 1062912K
  class space    used 1820K, capacity 1943K, committed 2048K, reserved 1048576K
}
Event: 4.316 GC heap before
{Heap before GC invocations=4 (full 0):
 PSYoungGen      total 38400K, used 38377K [0x00000000d5c00000, 0x00000000da700000, 0x0000000100000000)
  eden space 33280K, 100% used [0x00000000d5c00000,0x00000000d7c80000,0x00000000d7c80000)
  from space 5120K, 99% used [0x00000000d7c80000,0x00000000d817a630,0x00000000d8180000)
  to   space 5120K, 0% used [0x00000000da200000,0x00000000da200000,0x00000000da700000)
 ParOldGen       total 87552K, used 5472K [0x0000000081400000, 0x0000000086980000, 0x00000000d5c00000)
  object space 87552K, 6% used [0x0000000081400000,0x00000000819581e0,0x0000000086980000)
 Metaspace       used 15757K, capacity 16140K, committed 16384K, reserved 1062912K
  class space    used 1915K, capacity 2016K, committed 2048K, reserved 1048576K
Event: 4.331 GC heap after
Heap after GC invocations=4 (full 0):
 PSYoungGen      total 71680K, used 5097K [0x00000000d5c00000, 0x00000000da700000, 0x0000000100000000)
  eden space 66560K, 0% used [0x00000000d5c00000,0x00000000d5c00000,0x00000000d9d00000)
  from space 5120K, 99% used [0x00000000da200000,0x00000000da6fa630,0x00000000da700000)
  to   space 5120K, 0% used [0x00000000d9d00000,0x00000000d9d00000,0x00000000da200000)
 ParOldGen       total 87552K, used 8042K [0x0000000081400000, 0x0000000086980000, 0x00000000d5c00000)
  object space 87552K, 9% used [0x0000000081400000,0x0000000081bdaaa0,0x0000000086980000)
 Metaspace       used 15757K, capacity 16140K, committed 16384K, reserved 1062912K
  class space    used 1915K, capacity 2016K, committed 2048K, reserved 1048576K
}
Event: 10.423 GC heap before
{Heap before GC invocations=5 (full 0):
 PSYoungGen      total 71680K, used 71657K [0x00000000d5c00000, 0x00000000da700000, 0x0000000100000000)
  eden space 66560K, 100% used [0x00000000d5c00000,0x00000000d9d00000,0x00000000d9d00000)
  from space 5120K, 99% used [0x00000000da200000,0x00000000da6fa630,0x00000000da700000)
  to   space 5120K, 0% used [0x00000000d9d00000,0x00000000d9d00000,0x00000000da200000)
 ParOldGen       total 87552K, used 8042K [0x0000000081400000, 0x0000000086980000, 0x00000000d5c00000)
  object space 87552K, 9% used [0x0000000081400000,0x0000000081bdaaa0,0x0000000086980000)
 Metaspace       used 19244K, capacity 19756K, committed 19968K, reserved 1067008K
  class space    used 2312K, capacity 2467K, committed 2560K, reserved 1048576K
Event: 10.476 GC heap after
Heap after GC invocations=5 (full 0):
 PSYoungGen      total 71680K, used 5104K [0x00000000d5c00000, 0x00000000df500000, 0x0000000100000000)
  eden space 66560K, 0% used [0x00000000d5c00000,0x00000000d5c00000,0x00000000d9d00000)
  from space 5120K, 99% used [0x00000000d9d00000,0x00000000da1fc010,0x00000000da200000)
  to   space 11776K, 0% used [0x00000000de980000,0x00000000de980000,0x00000000df500000)
 ParOldGen       total 87552K, used 13828K [0x0000000081400000, 0x0000000086980000, 0x00000000d5c00000)
  object space 87552K, 15% used [0x0000000081400000,0x0000000082181000,0x0000000086980000)
 Metaspace       used 19244K, capacity 19756K, committed 19968K, reserved 1067008K
  class space    used 2312K, capacity 2467K, committed 2560K, reserved 1048576K
}
Event: 10.835 GC heap before
{Heap before GC invocations=6 (full 0):
 PSYoungGen      total 71680K, used 16462K [0x00000000d5c00000, 0x00000000df500000, 0x0000000100000000)
  eden space 66560K, 17% used [0x00000000d5c00000,0x00000000d6717ae0,0x00000000d9d00000)
  from space 5120K, 99% used [0x00000000d9d00000,0x00000000da1fc010,0x00000000da200000)
  to   space 11776K, 0% used [0x00000000de980000,0x00000000de980000,0x00000000df500000)
 ParOldGen       total 87552K, used 13828K [0x0000000081400000, 0x0000000086980000, 0x00000000d5c00000)
  object space 87552K, 15% used [0x0000000081400000,0x0000000082181000,0x0000000086980000)
 Metaspace       used 20651K, capacity 21198K, committed 21296K, reserved 1069056K
  class space    used 2479K, capacity 2679K, committed 2688K, reserved 1048576K
Event: 10.851 GC heap after
Heap after GC invocations=6 (full 0):
 PSYoungGen      total 144896K, used 6325K [0x00000000d5c00000, 0x00000000df500000, 0x0000000100000000)
  eden space 133120K, 0% used [0x00000000d5c00000,0x00000000d5c00000,0x00000000dde00000)
  from space 11776K, 53% used [0x00000000de980000,0x00000000defad6a8,0x00000000df500000)
  to   space 11776K, 0% used [0x00000000dde00000,0x00000000dde00000,0x00000000de980000)
 ParOldGen       total 87552K, used 13828K [0x0000000081400000, 0x0000000086980000, 0x00000000d5c00000)
  object space 87552K, 15% used [0x0000000081400000,0x0000000082181000,0x0000000086980000)
 Metaspace       used 20651K, capacity 21198K, committed 21296K, reserved 1069056K
  class space    used 2479K, capacity 2679K, committed 2688K, reserved 1048576K
}
Event: 10.851 GC heap before
{Heap before GC invocations=7 (full 1):
 PSYoungGen      total 144896K, used 6325K [0x00000000d5c00000, 0x00000000df500000, 0x0000000100000000)
  eden space 133120K, 0% used [0x00000000d5c00000,0x00000000d5c00000,0x00000000dde00000)
  from space 11776K, 53% used [0x00000000de980000,0x00000000defad6a8,0x00000000df500000)
  to   space 11776K, 0% used [0x00000000dde00000,0x00000000dde00000,0x00000000de980000)
 ParOldGen       total 87552K, used 13828K [0x0000000081400000, 0x0000000086980000, 0x00000000d5c00000)
  object space 87552K, 15% used [0x0000000081400000,0x0000000082181000,0x0000000086980000)
 Metaspace       used 20651K, capacity 21198K, committed 21296K, reserved 1069056K
  class space    used 2479K, capacity 2679K, committed 2688K, reserved 1048576K

