# JRE version: Java(TM) SE Runtime Environment (8.0_161-b12) (build 1.8.0_161-b12)
# Java VM: Java HotSpot(TM) 64-Bit Server VM (25.161-b12 mixed mode windows-amd64 compressed oops)
Heap:
 PSYoungGen      total 32256K, used 11712K [0x00000000d5c00000, 0x00000000d9f00000, 0x0000000100000000)
  eden space 27136K, 33% used [0x00000000d5c00000,0x00000000d64f40d8,0x00000000d7680000)
  from space 5120K, 49% used [0x00000000d8180000,0x00000000d83fc278,0x00000000d8680000)
  to   space 11264K, 0% used [0x00000000d7680000,0x00000000d7680000,0x00000000d8180000)
 ParOldGen       total 69632K, used 11976K [0x0000000081400000, 0x0000000085800000, 0x00000000d5c00000)
  object space 69632K, 17% used [0x0000000081400000,0x0000000081fb2120,0x0000000085800000)
 Metaspace       used 22329K, capacity 22938K, committed 23088K, reserved 1069056K
  class space    used 2638K, capacity 2868K, committed 2944K, reserved 1048576K
GC Heap History (10 events):
Event: 6.778 GC heap before
{Heap before GC invocations=3 (full 0):
 PSYoungGen      total 38400K, used 38392K [0x00000000d5c00000, 0x00000000d8680000, 0x0000000100000000)
  eden space 33280K, 100% used [0x00000000d5c00000,0x00000000d7c80000,0x00000000d7c80000)
  from space 5120K, 99% used [0x00000000d8180000,0x00000000d867e258,0x00000000d8680000)
  to   space 5120K, 0% used [0x00000000d7c80000,0x00000000d7c80000,0x00000000d8180000)
 ParOldGen       total 87552K, used 2397K [0x0000000081400000, 0x0000000086980000, 0x00000000d5c00000)
  object space 87552K, 2% used [0x0000000081400000,0x0000000081657548,0x0000000086980000)
 Metaspace       used 18144K, capacity 18492K, committed 18816K, reserved 1064960K
  class space    used 2218K, capacity 2374K, committed 2432K, reserved 1048576K
Event: 6.800 GC heap after
Heap after GC invocations=3 (full 0):
 PSYoungGen      total 38400K, used 5097K [0x00000000d5c00000, 0x00000000d8680000, 0x0000000100000000)
  eden space 33280K, 0% used [0x00000000d5c00000,0x00000000d5c00000,0x00000000d7c80000)
  from space 5120K, 99% used [0x00000000d7c80000,0x00000000d817a650,0x00000000d8180000)
  to   space 5120K, 0% used [0x00000000d8180000,0x00000000d8180000,0x00000000d8680000)
 ParOldGen       total 87552K, used 5866K [0x0000000081400000, 0x0000000086980000, 0x00000000d5c00000)
  object space 87552K, 6% used [0x0000000081400000,0x00000000819ba8a0,0x0000000086980000)
 Metaspace       used 18144K, capacity 18492K, committed 18816K, reserved 1064960K
  class space    used 2218K, capacity 2374K, committed 2432K, reserved 1048576K
}
Event: 9.354 GC heap before
{Heap before GC invocations=4 (full 0):
 PSYoungGen      total 38400K, used 38377K [0x00000000d5c00000, 0x00000000d8680000, 0x0000000100000000)
  eden space 33280K, 100% used [0x00000000d5c00000,0x00000000d7c80000,0x00000000d7c80000)
  from space 5120K, 99% used [0x00000000d7c80000,0x00000000d817a650,0x00000000d8180000)
  to   space 5120K, 0% used [0x00000000d8180000,0x00000000d8180000,0x00000000d8680000)
 ParOldGen       total 87552K, used 5866K [0x0000000081400000, 0x0000000086980000, 0x00000000d5c00000)
  object space 87552K, 6% used [0x0000000081400000,0x00000000819ba8a0,0x0000000086980000)
 Metaspace       used 19965K, capacity 20294K, committed 20480K, reserved 1067008K
  class space    used 2391K, capacity 2541K, committed 2560K, reserved 1048576K
Event: 9.393 GC heap after
Heap after GC invocations=4 (full 0):
 PSYoungGen      total 38400K, used 5098K [0x00000000d5c00000, 0x00000000d8680000, 0x0000000100000000)
  eden space 33280K, 0% used [0x00000000d5c00000,0x00000000d5c00000,0x00000000d7c80000)
  from space 5120K, 99% used [0x00000000d8180000,0x00000000d867aa90,0x00000000d8680000)
  to   space 5120K, 0% used [0x00000000d7c80000,0x00000000d7c80000,0x00000000d8180000)
 ParOldGen       total 87552K, used 9603K [0x0000000081400000, 0x0000000086980000, 0x00000000d5c00000)
  object space 87552K, 10% used [0x0000000081400000,0x0000000081d60f28,0x0000000086980000)
 Metaspace       used 19965K, capacity 20294K, committed 20480K, reserved 1067008K
  class space    used 2391K, capacity 2541K, committed 2560K, reserved 1048576K
}
Event: 10.184 GC heap before
{Heap before GC invocations=5 (full 0):
 PSYoungGen      total 38400K, used 32365K [0x00000000d5c00000, 0x00000000d8680000, 0x0000000100000000)
  eden space 33280K, 81% used [0x00000000d5c00000,0x00000000d76a0c50,0x00000000d7c80000)
  from space 5120K, 99% used [0x00000000d8180000,0x00000000d867aa90,0x00000000d8680000)
  to   space 5120K, 0% used [0x00000000d7c80000,0x00000000d7c80000,0x00000000d8180000)
 ParOldGen       total 87552K, used 9603K [0x0000000081400000, 0x0000000086980000, 0x00000000d5c00000)
  object space 87552K, 10% used [0x0000000081400000,0x0000000081d60f28,0x0000000086980000)
 Metaspace       used 20675K, capacity 21092K, committed 21296K, reserved 1069056K
  class space    used 2471K, capacity 2614K, committed 2688K, reserved 1048576K
Event: 10.206 GC heap after
Heap after GC invocations=5 (full 0):
 PSYoungGen      total 38400K, used 5097K [0x00000000d5c00000, 0x00000000d8680000, 0x0000000100000000)
  eden space 33280K, 0% used [0x00000000d5c00000,0x00000000d5c00000,0x00000000d7c80000)
  from space 5120K, 99% used [0x00000000d7c80000,0x00000000d817a610,0x00000000d8180000)
  to   space 5120K, 0% used [0x00000000d8180000,0x00000000d8180000,0x00000000d8680000)
 ParOldGen       total 87552K, used 11831K [0x0000000081400000, 0x0000000086980000, 0x00000000d5c00000)
  object space 87552K, 13% used [0x0000000081400000,0x0000000081f8ded0,0x0000000086980000)
 Metaspace       used 20675K, capacity 21092K, committed 21296K, reserved 1069056K
  class space    used 2471K, capacity 2614K, committed 2688K, reserved 1048576K
}
Event: 10.206 GC heap before
{Heap before GC invocations=6 (full 1):
 PSYoungGen      total 38400K, used 5097K [0x00000000d5c00000, 0x00000000d8680000, 0x0000000100000000)
  eden space 33280K, 0% used [0x00000000d5c00000,0x00000000d5c00000,0x00000000d7c80000)
  from space 5120K, 99% used [0x00000000d7c80000,0x00000000d817a610,0x00000000d8180000)
  to   space 5120K, 0% used [0x00000000d8180000,0x00000000d8180000,0x00000000d8680000)
 ParOldGen       total 87552K, used 11831K [0x0000000081400000, 0x0000000086980000, 0x00000000d5c00000)
  object space 87552K, 13% used [0x0000000081400000,0x0000000081f8ded0,0x0000000086980000)
 Metaspace       used 20675K, capacity 21092K, committed 21296K, reserved 1069056K
  class space    used 2471K, capacity 2614K, committed 2688K, reserved 1048576K
Event: 10.395 GC heap after
Heap after GC invocations=6 (full 1):
 PSYoungGen      total 38400K, used 0K [0x00000000d5c00000, 0x00000000d8680000, 0x0000000100000000)
  eden space 33280K, 0% used [0x00000000d5c00000,0x00000000d5c00000,0x00000000d7c80000)
  from space 5120K, 0% used [0x00000000d7c80000,0x00000000d7c80000,0x00000000d8180000)
  to   space 5120K, 0% used [0x00000000d8180000,0x00000000d8180000,0x00000000d8680000)
 ParOldGen       total 69632K, used 11968K [0x0000000081400000, 0x0000000085800000, 0x00000000d5c00000)
  object space 69632K, 17% used [0x0000000081400000,0x0000000081fb0120,0x0000000085800000)
 Metaspace       used 20675K, capacity 21092K, committed 21296K, reserved 1069056K
  class space    used 2471K, capacity 2614K, committed 2688K, reserved 1048576K
}
Event: 11.253 GC heap before
{Heap before GC invocations=7 (full 1):
 PSYoungGen      total 38400K, used 33280K [0x00000000d5c00000, 0x00000000d8680000, 0x0000000100000000)
  eden space 33280K, 100% used [0x00000000d5c00000,0x00000000d7c80000,0x00000000d7c80000)
  from space 5120K, 0% used [0x00000000d7c80000,0x00000000d7c80000,0x00000000d8180000)
  to   space 5120K, 0% used [0x00000000d8180000,0x00000000d8180000,0x00000000d8680000)
 ParOldGen       total 69632K, used 11968K [0x0000000081400000, 0x0000000085800000, 0x00000000d5c00000)
  object space 69632K, 17% used [0x0000000081400000,0x0000000081fb0120,0x0000000085800000)
 Metaspace       used 21718K, capacity 22270K, committed 22448K, reserved 1069056K
  class space    used 2542K, capacity 2724K, committed 2816K, reserved 1048576K
Event: 11.259 GC heap after
Heap after GC invocations=7 (full 1):
 PSYoungGen      total 32256K, used 2544K [0x00000000d5c00000, 0x00000000d9f00000, 0x0000000100000000)
  eden space 27136K, 0% used [0x00000000d5c00000,0x00000000d5c00000,0x00000000d7680000)
  from space 5120K, 49% used [0x00000000d8180000,0x00000000d83fc278,0x00000000d8680000)
  to   space 11264K, 0% used [0x00000000d7680000,0x00000000d7680000,0x00000000d8180000)
 ParOldGen       total 69632K, used 11976K [0x0000000081400000, 0x0000000085800000, 0x00000000d5c00000)
  object space 69632K, 17% used [0x0000000081400000,0x0000000081fb2120,0x0000000085800000)
 Metaspace       used 21718K, capacity 22270K, committed 22448K, reserved 1069056K
  class space    used 2542K, capacity 2724K, committed 2816K, reserved 1048576K
}

